Copyright 1986-2020 Xilinx, Inc. All Rights Reserved.
-----------------------------------------------------------------------------------------------------------------------------------------------
| Tool Version : Vivado v.2020.1.1 (win64) Build 2960000 Wed Aug  5 22:57:20 MDT 2020
| Date         : Mon Jan  4 12:31:57 2021
| Host         : DESKTOP-1SLTSSD running 64-bit major release  (build 9200)
| Command      : report_methodology -file Top_methodology_drc_routed.rpt -pb Top_methodology_drc_routed.pb -rpx Top_methodology_drc_routed.rpx
| Design       : Top
| Device       : xa7a35tcpg236-1I
| Speed File   : -1I
| Design State : Fully Routed
-----------------------------------------------------------------------------------------------------------------------------------------------

Report Methodology

Table of Contents
-----------------
1. REPORT SUMMARY
2. REPORT DETAILS

1. REPORT SUMMARY
-----------------
            Netlist: netlist
          Floorplan: design_1
      Design limits: <entire design considered>
             Max violations: <unlimited>
             Violations found: 293
+-----------+------------------+-----------------------------+------------+
| Rule      | Severity         | Description                 | Violations |
+-----------+------------------+-----------------------------+------------+
| TIMING-17 | Critical Warning | Non-clocked sequential cell | 137        |
| SYNTH-9   | Warning          | Small multiplier            | 96         |
| SYNTH-10  | Warning          | Wide multiplier             | 60         |
+-----------+------------------+-----------------------------+------------+

2. REPORT DETAILS
-----------------
TIMING-17#1 Critical Warning
Non-clocked sequential cell  
The clock pin R0/d_q0_reg[0]/C is not reached by a timing clock
Related violations: <none>

TIMING-17#2 Critical Warning
Non-clocked sequential cell  
The clock pin R0/d_q0_reg[10]/C is not reached by a timing clock
Related violations: <none>

TIMING-17#3 Critical Warning
Non-clocked sequential cell  
The clock pin R0/d_q0_reg[11]/C is not reached by a timing clock
Related violations: <none>

TIMING-17#4 Critical Warning
Non-clocked sequential cell  
The clock pin R0/d_q0_reg[12]/C is not reached by a timing clock
Related violations: <none>

TIMING-17#5 Critical Warning
Non-clocked sequential cell  
The clock pin R0/d_q0_reg[13]/C is not reached by a timing clock
Related violations: <none>

TIMING-17#6 Critical Warning
Non-clocked sequential cell  
The clock pin R0/d_q0_reg[14]/C is not reached by a timing clock
Related violations: <none>

TIMING-17#7 Critical Warning
Non-clocked sequential cell  
The clock pin R0/d_q0_reg[15]/C is not reached by a timing clock
Related violations: <none>

TIMING-17#8 Critical Warning
Non-clocked sequential cell  
The clock pin R0/d_q0_reg[16]/C is not reached by a timing clock
Related violations: <none>

TIMING-17#9 Critical Warning
Non-clocked sequential cell  
The clock pin R0/d_q0_reg[17]/C is not reached by a timing clock
Related violations: <none>

TIMING-17#10 Critical Warning
Non-clocked sequential cell  
The clock pin R0/d_q0_reg[18]/C is not reached by a timing clock
Related violations: <none>

TIMING-17#11 Critical Warning
Non-clocked sequential cell  
The clock pin R0/d_q0_reg[19]/C is not reached by a timing clock
Related violations: <none>

TIMING-17#12 Critical Warning
Non-clocked sequential cell  
The clock pin R0/d_q0_reg[1]/C is not reached by a timing clock
Related violations: <none>

TIMING-17#13 Critical Warning
Non-clocked sequential cell  
The clock pin R0/d_q0_reg[20]/C is not reached by a timing clock
Related violations: <none>

TIMING-17#14 Critical Warning
Non-clocked sequential cell  
The clock pin R0/d_q0_reg[21]/C is not reached by a timing clock
Related violations: <none>

TIMING-17#15 Critical Warning
Non-clocked sequential cell  
The clock pin R0/d_q0_reg[22]/C is not reached by a timing clock
Related violations: <none>

TIMING-17#16 Critical Warning
Non-clocked sequential cell  
The clock pin R0/d_q0_reg[23]/C is not reached by a timing clock
Related violations: <none>

TIMING-17#17 Critical Warning
Non-clocked sequential cell  
The clock pin R0/d_q0_reg[24]/C is not reached by a timing clock
Related violations: <none>

TIMING-17#18 Critical Warning
Non-clocked sequential cell  
The clock pin R0/d_q0_reg[25]/C is not reached by a timing clock
Related violations: <none>

TIMING-17#19 Critical Warning
Non-clocked sequential cell  
The clock pin R0/d_q0_reg[26]/C is not reached by a timing clock
Related violations: <none>

TIMING-17#20 Critical Warning
Non-clocked sequential cell  
The clock pin R0/d_q0_reg[27]/C is not reached by a timing clock
Related violations: <none>

TIMING-17#21 Critical Warning
Non-clocked sequential cell  
The clock pin R0/d_q0_reg[28]/C is not reached by a timing clock
Related violations: <none>

TIMING-17#22 Critical Warning
Non-clocked sequential cell  
The clock pin R0/d_q0_reg[29]/C is not reached by a timing clock
Related violations: <none>

TIMING-17#23 Critical Warning
Non-clocked sequential cell  
The clock pin R0/d_q0_reg[2]/C is not reached by a timing clock
Related violations: <none>

TIMING-17#24 Critical Warning
Non-clocked sequential cell  
The clock pin R0/d_q0_reg[30]/C is not reached by a timing clock
Related violations: <none>

TIMING-17#25 Critical Warning
Non-clocked sequential cell  
The clock pin R0/d_q0_reg[31]/C is not reached by a timing clock
Related violations: <none>

TIMING-17#26 Critical Warning
Non-clocked sequential cell  
The clock pin R0/d_q0_reg[3]/C is not reached by a timing clock
Related violations: <none>

TIMING-17#27 Critical Warning
Non-clocked sequential cell  
The clock pin R0/d_q0_reg[40]/C is not reached by a timing clock
Related violations: <none>

TIMING-17#28 Critical Warning
Non-clocked sequential cell  
The clock pin R0/d_q0_reg[41]/C is not reached by a timing clock
Related violations: <none>

TIMING-17#29 Critical Warning
Non-clocked sequential cell  
The clock pin R0/d_q0_reg[42]/C is not reached by a timing clock
Related violations: <none>

TIMING-17#30 Critical Warning
Non-clocked sequential cell  
The clock pin R0/d_q0_reg[43]/C is not reached by a timing clock
Related violations: <none>

TIMING-17#31 Critical Warning
Non-clocked sequential cell  
The clock pin R0/d_q0_reg[44]/C is not reached by a timing clock
Related violations: <none>

TIMING-17#32 Critical Warning
Non-clocked sequential cell  
The clock pin R0/d_q0_reg[45]/C is not reached by a timing clock
Related violations: <none>

TIMING-17#33 Critical Warning
Non-clocked sequential cell  
The clock pin R0/d_q0_reg[46]/C is not reached by a timing clock
Related violations: <none>

TIMING-17#34 Critical Warning
Non-clocked sequential cell  
The clock pin R0/d_q0_reg[47]/C is not reached by a timing clock
Related violations: <none>

TIMING-17#35 Critical Warning
Non-clocked sequential cell  
The clock pin R0/d_q0_reg[48]/C is not reached by a timing clock
Related violations: <none>

TIMING-17#36 Critical Warning
Non-clocked sequential cell  
The clock pin R0/d_q0_reg[49]/C is not reached by a timing clock
Related violations: <none>

TIMING-17#37 Critical Warning
Non-clocked sequential cell  
The clock pin R0/d_q0_reg[4]/C is not reached by a timing clock
Related violations: <none>

TIMING-17#38 Critical Warning
Non-clocked sequential cell  
The clock pin R0/d_q0_reg[50]/C is not reached by a timing clock
Related violations: <none>

TIMING-17#39 Critical Warning
Non-clocked sequential cell  
The clock pin R0/d_q0_reg[51]/C is not reached by a timing clock
Related violations: <none>

TIMING-17#40 Critical Warning
Non-clocked sequential cell  
The clock pin R0/d_q0_reg[52]/C is not reached by a timing clock
Related violations: <none>

TIMING-17#41 Critical Warning
Non-clocked sequential cell  
The clock pin R0/d_q0_reg[53]/C is not reached by a timing clock
Related violations: <none>

TIMING-17#42 Critical Warning
Non-clocked sequential cell  
The clock pin R0/d_q0_reg[54]/C is not reached by a timing clock
Related violations: <none>

TIMING-17#43 Critical Warning
Non-clocked sequential cell  
The clock pin R0/d_q0_reg[55]/C is not reached by a timing clock
Related violations: <none>

TIMING-17#44 Critical Warning
Non-clocked sequential cell  
The clock pin R0/d_q0_reg[56]/C is not reached by a timing clock
Related violations: <none>

TIMING-17#45 Critical Warning
Non-clocked sequential cell  
The clock pin R0/d_q0_reg[57]/C is not reached by a timing clock
Related violations: <none>

TIMING-17#46 Critical Warning
Non-clocked sequential cell  
The clock pin R0/d_q0_reg[58]/C is not reached by a timing clock
Related violations: <none>

TIMING-17#47 Critical Warning
Non-clocked sequential cell  
The clock pin R0/d_q0_reg[59]/C is not reached by a timing clock
Related violations: <none>

TIMING-17#48 Critical Warning
Non-clocked sequential cell  
The clock pin R0/d_q0_reg[5]/C is not reached by a timing clock
Related violations: <none>

TIMING-17#49 Critical Warning
Non-clocked sequential cell  
The clock pin R0/d_q0_reg[60]/C is not reached by a timing clock
Related violations: <none>

TIMING-17#50 Critical Warning
Non-clocked sequential cell  
The clock pin R0/d_q0_reg[61]/C is not reached by a timing clock
Related violations: <none>

TIMING-17#51 Critical Warning
Non-clocked sequential cell  
The clock pin R0/d_q0_reg[62]/C is not reached by a timing clock
Related violations: <none>

TIMING-17#52 Critical Warning
Non-clocked sequential cell  
The clock pin R0/d_q0_reg[63]/C is not reached by a timing clock
Related violations: <none>

TIMING-17#53 Critical Warning
Non-clocked sequential cell  
The clock pin R0/d_q0_reg[64]/C is not reached by a timing clock
Related violations: <none>

TIMING-17#54 Critical Warning
Non-clocked sequential cell  
The clock pin R0/d_q0_reg[65]/C is not reached by a timing clock
Related violations: <none>

TIMING-17#55 Critical Warning
Non-clocked sequential cell  
The clock pin R0/d_q0_reg[66]/C is not reached by a timing clock
Related violations: <none>

TIMING-17#56 Critical Warning
Non-clocked sequential cell  
The clock pin R0/d_q0_reg[67]/C is not reached by a timing clock
Related violations: <none>

TIMING-17#57 Critical Warning
Non-clocked sequential cell  
The clock pin R0/d_q0_reg[68]/C is not reached by a timing clock
Related violations: <none>

TIMING-17#58 Critical Warning
Non-clocked sequential cell  
The clock pin R0/d_q0_reg[69]/C is not reached by a timing clock
Related violations: <none>

TIMING-17#59 Critical Warning
Non-clocked sequential cell  
The clock pin R0/d_q0_reg[6]/C is not reached by a timing clock
Related violations: <none>

TIMING-17#60 Critical Warning
Non-clocked sequential cell  
The clock pin R0/d_q0_reg[70]/C is not reached by a timing clock
Related violations: <none>

TIMING-17#61 Critical Warning
Non-clocked sequential cell  
The clock pin R0/d_q0_reg[71]/C is not reached by a timing clock
Related violations: <none>

TIMING-17#62 Critical Warning
Non-clocked sequential cell  
The clock pin R0/d_q0_reg[7]/C is not reached by a timing clock
Related violations: <none>

TIMING-17#63 Critical Warning
Non-clocked sequential cell  
The clock pin R0/d_q0_reg[8]/C is not reached by a timing clock
Related violations: <none>

TIMING-17#64 Critical Warning
Non-clocked sequential cell  
The clock pin R0/d_q0_reg[9]/C is not reached by a timing clock
Related violations: <none>

TIMING-17#65 Critical Warning
Non-clocked sequential cell  
The clock pin SA/STATE_reg[0]/C is not reached by a timing clock
Related violations: <none>

TIMING-17#66 Critical Warning
Non-clocked sequential cell  
The clock pin SA/STATE_reg[1]_inv/C is not reached by a timing clock
Related violations: <none>

TIMING-17#67 Critical Warning
Non-clocked sequential cell  
The clock pin SA/addrWrite_reg[0]/C is not reached by a timing clock
Related violations: <none>

TIMING-17#68 Critical Warning
Non-clocked sequential cell  
The clock pin SA/addrWrite_reg[1]/C is not reached by a timing clock
Related violations: <none>

TIMING-17#69 Critical Warning
Non-clocked sequential cell  
The clock pin SA/addrWrite_reg[2]/C is not reached by a timing clock
Related violations: <none>

TIMING-17#70 Critical Warning
Non-clocked sequential cell  
The clock pin SA/addrWrite_reg[3]/C is not reached by a timing clock
Related violations: <none>

TIMING-17#71 Critical Warning
Non-clocked sequential cell  
The clock pin SA/addrWrite_reg[4]/C is not reached by a timing clock
Related violations: <none>

TIMING-17#72 Critical Warning
Non-clocked sequential cell  
The clock pin SA/addrWrite_reg[5]/C is not reached by a timing clock
Related violations: <none>

TIMING-17#73 Critical Warning
Non-clocked sequential cell  
The clock pin SA/addrWrite_reg[6]/C is not reached by a timing clock
Related violations: <none>

TIMING-17#74 Critical Warning
Non-clocked sequential cell  
The clock pin SA/addrWrite_reg[7]/C is not reached by a timing clock
Related violations: <none>

TIMING-17#75 Critical Warning
Non-clocked sequential cell  
The clock pin SA/addrWrite_reg[8]/C is not reached by a timing clock
Related violations: <none>

TIMING-17#76 Critical Warning
Non-clocked sequential cell  
The clock pin SA/ap_done_reg/C is not reached by a timing clock
Related violations: <none>

TIMING-17#77 Critical Warning
Non-clocked sequential cell  
The clock pin SA/ap_idle_reg/C is not reached by a timing clock
Related violations: <none>

TIMING-17#78 Critical Warning
Non-clocked sequential cell  
The clock pin SA/ap_start_reg/C is not reached by a timing clock
Related violations: <none>

TIMING-17#79 Critical Warning
Non-clocked sequential cell  
The clock pin SA/atan_Gx_Gy_reg[0]/C is not reached by a timing clock
Related violations: <none>

TIMING-17#80 Critical Warning
Non-clocked sequential cell  
The clock pin SA/atan_Gx_Gy_reg[1]/C is not reached by a timing clock
Related violations: <none>

TIMING-17#81 Critical Warning
Non-clocked sequential cell  
The clock pin SA/atan_Gx_Gy_reg[2]/C is not reached by a timing clock
Related violations: <none>

TIMING-17#82 Critical Warning
Non-clocked sequential cell  
The clock pin SA/atan_Gx_Gy_reg[3]/C is not reached by a timing clock
Related violations: <none>

TIMING-17#83 Critical Warning
Non-clocked sequential cell  
The clock pin SA/atan_Gx_Gy_reg[4]/C is not reached by a timing clock
Related violations: <none>

TIMING-17#84 Critical Warning
Non-clocked sequential cell  
The clock pin SA/atan_Gx_Gy_reg[5]/C is not reached by a timing clock
Related violations: <none>

TIMING-17#85 Critical Warning
Non-clocked sequential cell  
The clock pin SA/atan_Gx_Gy_reg[6]/C is not reached by a timing clock
Related violations: <none>

TIMING-17#86 Critical Warning
Non-clocked sequential cell  
The clock pin SA/atan_Gx_Gy_reg[7]/C is not reached by a timing clock
Related violations: <none>

TIMING-17#87 Critical Warning
Non-clocked sequential cell  
The clock pin SA/d_address_read_reg[0]/C is not reached by a timing clock
Related violations: <none>

TIMING-17#88 Critical Warning
Non-clocked sequential cell  
The clock pin SA/d_address_read_reg[1]/C is not reached by a timing clock
Related violations: <none>

TIMING-17#89 Critical Warning
Non-clocked sequential cell  
The clock pin SA/d_address_read_reg[2]/C is not reached by a timing clock
Related violations: <none>

TIMING-17#90 Critical Warning
Non-clocked sequential cell  
The clock pin SA/d_address_read_reg[3]/C is not reached by a timing clock
Related violations: <none>

TIMING-17#91 Critical Warning
Non-clocked sequential cell  
The clock pin SA/d_address_read_reg[4]/C is not reached by a timing clock
Related violations: <none>

TIMING-17#92 Critical Warning
Non-clocked sequential cell  
The clock pin SA/d_address_read_reg[5]/C is not reached by a timing clock
Related violations: <none>

TIMING-17#93 Critical Warning
Non-clocked sequential cell  
The clock pin SA/d_address_read_reg[6]/C is not reached by a timing clock
Related violations: <none>

TIMING-17#94 Critical Warning
Non-clocked sequential cell  
The clock pin SA/d_address_read_reg[7]/C is not reached by a timing clock
Related violations: <none>

TIMING-17#95 Critical Warning
Non-clocked sequential cell  
The clock pin SA/d_address_read_reg[8]/C is not reached by a timing clock
Related violations: <none>

TIMING-17#96 Critical Warning
Non-clocked sequential cell  
The clock pin SA/d_address_write_reg[0]/C is not reached by a timing clock
Related violations: <none>

TIMING-17#97 Critical Warning
Non-clocked sequential cell  
The clock pin SA/d_address_write_reg[1]/C is not reached by a timing clock
Related violations: <none>

TIMING-17#98 Critical Warning
Non-clocked sequential cell  
The clock pin SA/d_address_write_reg[2]/C is not reached by a timing clock
Related violations: <none>

TIMING-17#99 Critical Warning
Non-clocked sequential cell  
The clock pin SA/d_address_write_reg[3]/C is not reached by a timing clock
Related violations: <none>

TIMING-17#100 Critical Warning
Non-clocked sequential cell  
The clock pin SA/d_address_write_reg[4]/C is not reached by a timing clock
Related violations: <none>

TIMING-17#101 Critical Warning
Non-clocked sequential cell  
The clock pin SA/d_address_write_reg[5]/C is not reached by a timing clock
Related violations: <none>

TIMING-17#102 Critical Warning
Non-clocked sequential cell  
The clock pin SA/d_address_write_reg[6]/C is not reached by a timing clock
Related violations: <none>

TIMING-17#103 Critical Warning
Non-clocked sequential cell  
The clock pin SA/d_address_write_reg[7]/C is not reached by a timing clock
Related violations: <none>

TIMING-17#104 Critical Warning
Non-clocked sequential cell  
The clock pin SA/d_address_write_reg[8]/C is not reached by a timing clock
Related violations: <none>

TIMING-17#105 Critical Warning
Non-clocked sequential cell  
The clock pin SA/d_ce0_reg/C is not reached by a timing clock
Related violations: <none>

TIMING-17#106 Critical Warning
Non-clocked sequential cell  
The clock pin SA/d_d0_H_reg[0]/C is not reached by a timing clock
Related violations: <none>

TIMING-17#107 Critical Warning
Non-clocked sequential cell  
The clock pin SA/d_d0_H_reg[1]/C is not reached by a timing clock
Related violations: <none>

TIMING-17#108 Critical Warning
Non-clocked sequential cell  
The clock pin SA/d_d0_H_reg[2]/C is not reached by a timing clock
Related violations: <none>

TIMING-17#109 Critical Warning
Non-clocked sequential cell  
The clock pin SA/d_d0_H_reg[3]/C is not reached by a timing clock
Related violations: <none>

TIMING-17#110 Critical Warning
Non-clocked sequential cell  
The clock pin SA/d_d0_H_reg[4]/C is not reached by a timing clock
Related violations: <none>

TIMING-17#111 Critical Warning
Non-clocked sequential cell  
The clock pin SA/d_d0_H_reg[5]/C is not reached by a timing clock
Related violations: <none>

TIMING-17#112 Critical Warning
Non-clocked sequential cell  
The clock pin SA/d_d0_H_reg[6]/C is not reached by a timing clock
Related violations: <none>

TIMING-17#113 Critical Warning
Non-clocked sequential cell  
The clock pin SA/d_d0_H_reg[7]/C is not reached by a timing clock
Related violations: <none>

TIMING-17#114 Critical Warning
Non-clocked sequential cell  
The clock pin SA/d_d0_V_reg[0]/C is not reached by a timing clock
Related violations: <none>

TIMING-17#115 Critical Warning
Non-clocked sequential cell  
The clock pin SA/d_d0_V_reg[1]/C is not reached by a timing clock
Related violations: <none>

TIMING-17#116 Critical Warning
Non-clocked sequential cell  
The clock pin SA/d_d0_V_reg[2]/C is not reached by a timing clock
Related violations: <none>

TIMING-17#117 Critical Warning
Non-clocked sequential cell  
The clock pin SA/d_d0_V_reg[3]/C is not reached by a timing clock
Related violations: <none>

TIMING-17#118 Critical Warning
Non-clocked sequential cell  
The clock pin SA/d_d0_V_reg[4]/C is not reached by a timing clock
Related violations: <none>

TIMING-17#119 Critical Warning
Non-clocked sequential cell  
The clock pin SA/d_d0_V_reg[5]/C is not reached by a timing clock
Related violations: <none>

TIMING-17#120 Critical Warning
Non-clocked sequential cell  
The clock pin SA/d_d0_V_reg[6]/C is not reached by a timing clock
Related violations: <none>

TIMING-17#121 Critical Warning
Non-clocked sequential cell  
The clock pin SA/d_d0_V_reg[7]/C is not reached by a timing clock
Related violations: <none>

TIMING-17#122 Critical Warning
Non-clocked sequential cell  
The clock pin SA/i_reg[0]/C is not reached by a timing clock
Related violations: <none>

TIMING-17#123 Critical Warning
Non-clocked sequential cell  
The clock pin SA/i_reg[1]/C is not reached by a timing clock
Related violations: <none>

TIMING-17#124 Critical Warning
Non-clocked sequential cell  
The clock pin SA/i_reg[2]/C is not reached by a timing clock
Related violations: <none>

TIMING-17#125 Critical Warning
Non-clocked sequential cell  
The clock pin SA/i_reg[3]/C is not reached by a timing clock
Related violations: <none>

TIMING-17#126 Critical Warning
Non-clocked sequential cell  
The clock pin SA/j_reg[0]/C is not reached by a timing clock
Related violations: <none>

TIMING-17#127 Critical Warning
Non-clocked sequential cell  
The clock pin SA/j_reg[1]/C is not reached by a timing clock
Related violations: <none>

TIMING-17#128 Critical Warning
Non-clocked sequential cell  
The clock pin SA/j_reg[2]/C is not reached by a timing clock
Related violations: <none>

TIMING-17#129 Critical Warning
Non-clocked sequential cell  
The clock pin SA/j_reg[3]/C is not reached by a timing clock
Related violations: <none>

TIMING-17#130 Critical Warning
Non-clocked sequential cell  
The clock pin SA/sqrt_Gx_Gy_reg[0]/C is not reached by a timing clock
Related violations: <none>

TIMING-17#131 Critical Warning
Non-clocked sequential cell  
The clock pin SA/sqrt_Gx_Gy_reg[1]/C is not reached by a timing clock
Related violations: <none>

TIMING-17#132 Critical Warning
Non-clocked sequential cell  
The clock pin SA/sqrt_Gx_Gy_reg[2]/C is not reached by a timing clock
Related violations: <none>

TIMING-17#133 Critical Warning
Non-clocked sequential cell  
The clock pin SA/sqrt_Gx_Gy_reg[3]/C is not reached by a timing clock
Related violations: <none>

TIMING-17#134 Critical Warning
Non-clocked sequential cell  
The clock pin SA/sqrt_Gx_Gy_reg[4]/C is not reached by a timing clock
Related violations: <none>

TIMING-17#135 Critical Warning
Non-clocked sequential cell  
The clock pin SA/sqrt_Gx_Gy_reg[5]/C is not reached by a timing clock
Related violations: <none>

TIMING-17#136 Critical Warning
Non-clocked sequential cell  
The clock pin SA/sqrt_Gx_Gy_reg[6]/C is not reached by a timing clock
Related violations: <none>

TIMING-17#137 Critical Warning
Non-clocked sequential cell  
The clock pin SA/sqrt_Gx_Gy_reg[7]/C is not reached by a timing clock
Related violations: <none>

SYNTH-9#1 Warning
Small multiplier  
Detected multiplier at AtanSeries10__2__0_i_42 of size 7x7, it is implemented as LUTs due to its small size. To force the multiplier onto a DSP block, use the USE_DSP48 attribute.
Related violations: <none>

SYNTH-9#2 Warning
Small multiplier  
Detected multiplier at AtanSeries10__2_i_42 of size 7x7, it is implemented as LUTs due to its small size. To force the multiplier onto a DSP block, use the USE_DSP48 attribute.
Related violations: <none>

SYNTH-9#3 Warning
Small multiplier  
Detected multiplier at AtanSeries10_i_42 of size 7x7, it is implemented as LUTs due to its small size. To force the multiplier onto a DSP block, use the USE_DSP48 attribute.
Related violations: <none>

SYNTH-9#4 Warning
Small multiplier  
Detected multiplier at AtanSeries11__2__0_i_42 of size 7x7, it is implemented as LUTs due to its small size. To force the multiplier onto a DSP block, use the USE_DSP48 attribute.
Related violations: <none>

SYNTH-9#5 Warning
Small multiplier  
Detected multiplier at AtanSeries11__2_i_42 of size 7x7, it is implemented as LUTs due to its small size. To force the multiplier onto a DSP block, use the USE_DSP48 attribute.
Related violations: <none>

SYNTH-9#6 Warning
Small multiplier  
Detected multiplier at AtanSeries11__5_i_42 of size 7x7, it is implemented as LUTs due to its small size. To force the multiplier onto a DSP block, use the USE_DSP48 attribute.
Related violations: <none>

SYNTH-9#7 Warning
Small multiplier  
Detected multiplier at AtanSeries11_i_42 of size 7x7, it is implemented as LUTs due to its small size. To force the multiplier onto a DSP block, use the USE_DSP48 attribute.
Related violations: <none>

SYNTH-9#8 Warning
Small multiplier  
Detected multiplier at AtanSeries12__2__0_i_42 of size 7x7, it is implemented as LUTs due to its small size. To force the multiplier onto a DSP block, use the USE_DSP48 attribute.
Related violations: <none>

SYNTH-9#9 Warning
Small multiplier  
Detected multiplier at AtanSeries12__2_i_42 of size 7x7, it is implemented as LUTs due to its small size. To force the multiplier onto a DSP block, use the USE_DSP48 attribute.
Related violations: <none>

SYNTH-9#10 Warning
Small multiplier  
Detected multiplier at AtanSeries12_i_42 of size 7x7, it is implemented as LUTs due to its small size. To force the multiplier onto a DSP block, use the USE_DSP48 attribute.
Related violations: <none>

SYNTH-9#11 Warning
Small multiplier  
Detected multiplier at AtanSeries13__2__0_i_42 of size 7x7, it is implemented as LUTs due to its small size. To force the multiplier onto a DSP block, use the USE_DSP48 attribute.
Related violations: <none>

SYNTH-9#12 Warning
Small multiplier  
Detected multiplier at AtanSeries13_i_42 of size 7x7, it is implemented as LUTs due to its small size. To force the multiplier onto a DSP block, use the USE_DSP48 attribute.
Related violations: <none>

SYNTH-9#13 Warning
Small multiplier  
Detected multiplier at AtanSeries14__2_i_42 of size 7x7, it is implemented as LUTs due to its small size. To force the multiplier onto a DSP block, use the USE_DSP48 attribute.
Related violations: <none>

SYNTH-9#14 Warning
Small multiplier  
Detected multiplier at AtanSeries8_i_42 of size 7x7, it is implemented as LUTs due to its small size. To force the multiplier onto a DSP block, use the USE_DSP48 attribute.
Related violations: <none>

SYNTH-9#15 Warning
Small multiplier  
Detected multiplier at AtanSeries9__2_i_42 of size 7x7, it is implemented as LUTs due to its small size. To force the multiplier onto a DSP block, use the USE_DSP48 attribute.
Related violations: <none>

SYNTH-9#16 Warning
Small multiplier  
Detected multiplier at AtanSeries9_i_42 of size 7x7, it is implemented as LUTs due to its small size. To force the multiplier onto a DSP block, use the USE_DSP48 attribute.
Related violations: <none>

SYNTH-9#17 Warning
Small multiplier  
Detected multiplier at R0/AtanSeries10__2__0_i_45 of size 7x7, it is implemented as LUTs due to its small size. To force the multiplier onto a DSP block, use the USE_DSP48 attribute.
Related violations: <none>

SYNTH-9#18 Warning
Small multiplier  
Detected multiplier at R0/AtanSeries10__2__0_i_50 of size 7x7, it is implemented as LUTs due to its small size. To force the multiplier onto a DSP block, use the USE_DSP48 attribute.
Related violations: <none>

SYNTH-9#19 Warning
Small multiplier  
Detected multiplier at R0/AtanSeries10__2__0_i_55 of size 7x7, it is implemented as LUTs due to its small size. To force the multiplier onto a DSP block, use the USE_DSP48 attribute.
Related violations: <none>

SYNTH-9#20 Warning
Small multiplier  
Detected multiplier at R0/AtanSeries10__2_i_45 of size 7x7, it is implemented as LUTs due to its small size. To force the multiplier onto a DSP block, use the USE_DSP48 attribute.
Related violations: <none>

SYNTH-9#21 Warning
Small multiplier  
Detected multiplier at R0/AtanSeries10__2_i_50 of size 7x7, it is implemented as LUTs due to its small size. To force the multiplier onto a DSP block, use the USE_DSP48 attribute.
Related violations: <none>

SYNTH-9#22 Warning
Small multiplier  
Detected multiplier at R0/AtanSeries10__2_i_55 of size 7x7, it is implemented as LUTs due to its small size. To force the multiplier onto a DSP block, use the USE_DSP48 attribute.
Related violations: <none>

SYNTH-9#23 Warning
Small multiplier  
Detected multiplier at R0/AtanSeries10_i_45 of size 7x7, it is implemented as LUTs due to its small size. To force the multiplier onto a DSP block, use the USE_DSP48 attribute.
Related violations: <none>

SYNTH-9#24 Warning
Small multiplier  
Detected multiplier at R0/AtanSeries10_i_50 of size 7x7, it is implemented as LUTs due to its small size. To force the multiplier onto a DSP block, use the USE_DSP48 attribute.
Related violations: <none>

SYNTH-9#25 Warning
Small multiplier  
Detected multiplier at R0/AtanSeries10_i_55 of size 7x7, it is implemented as LUTs due to its small size. To force the multiplier onto a DSP block, use the USE_DSP48 attribute.
Related violations: <none>

SYNTH-9#26 Warning
Small multiplier  
Detected multiplier at R0/AtanSeries11__2__0_i_45 of size 7x7, it is implemented as LUTs due to its small size. To force the multiplier onto a DSP block, use the USE_DSP48 attribute.
Related violations: <none>

SYNTH-9#27 Warning
Small multiplier  
Detected multiplier at R0/AtanSeries11__2__0_i_50 of size 7x7, it is implemented as LUTs due to its small size. To force the multiplier onto a DSP block, use the USE_DSP48 attribute.
Related violations: <none>

SYNTH-9#28 Warning
Small multiplier  
Detected multiplier at R0/AtanSeries11__2__0_i_55 of size 7x7, it is implemented as LUTs due to its small size. To force the multiplier onto a DSP block, use the USE_DSP48 attribute.
Related violations: <none>

SYNTH-9#29 Warning
Small multiplier  
Detected multiplier at R0/AtanSeries11__2_i_45 of size 7x7, it is implemented as LUTs due to its small size. To force the multiplier onto a DSP block, use the USE_DSP48 attribute.
Related violations: <none>

SYNTH-9#30 Warning
Small multiplier  
Detected multiplier at R0/AtanSeries11__2_i_50 of size 7x7, it is implemented as LUTs due to its small size. To force the multiplier onto a DSP block, use the USE_DSP48 attribute.
Related violations: <none>

SYNTH-9#31 Warning
Small multiplier  
Detected multiplier at R0/AtanSeries11__2_i_55 of size 7x7, it is implemented as LUTs due to its small size. To force the multiplier onto a DSP block, use the USE_DSP48 attribute.
Related violations: <none>

SYNTH-9#32 Warning
Small multiplier  
Detected multiplier at R0/AtanSeries11__5_i_41 of size 7x7, it is implemented as LUTs due to its small size. To force the multiplier onto a DSP block, use the USE_DSP48 attribute.
Related violations: <none>

SYNTH-9#33 Warning
Small multiplier  
Detected multiplier at R0/AtanSeries11__5_i_45 of size 7x7, it is implemented as LUTs due to its small size. To force the multiplier onto a DSP block, use the USE_DSP48 attribute.
Related violations: <none>

SYNTH-9#34 Warning
Small multiplier  
Detected multiplier at R0/AtanSeries11__5_i_50 of size 7x7, it is implemented as LUTs due to its small size. To force the multiplier onto a DSP block, use the USE_DSP48 attribute.
Related violations: <none>

SYNTH-9#35 Warning
Small multiplier  
Detected multiplier at R0/AtanSeries11__5_i_55 of size 7x7, it is implemented as LUTs due to its small size. To force the multiplier onto a DSP block, use the USE_DSP48 attribute.
Related violations: <none>

SYNTH-9#36 Warning
Small multiplier  
Detected multiplier at R0/AtanSeries11__5_i_71 of size 7x7, it is implemented as LUTs due to its small size. To force the multiplier onto a DSP block, use the USE_DSP48 attribute.
Related violations: <none>

SYNTH-9#37 Warning
Small multiplier  
Detected multiplier at R0/AtanSeries11_i_45 of size 7x7, it is implemented as LUTs due to its small size. To force the multiplier onto a DSP block, use the USE_DSP48 attribute.
Related violations: <none>

SYNTH-9#38 Warning
Small multiplier  
Detected multiplier at R0/AtanSeries11_i_50 of size 7x7, it is implemented as LUTs due to its small size. To force the multiplier onto a DSP block, use the USE_DSP48 attribute.
Related violations: <none>

SYNTH-9#39 Warning
Small multiplier  
Detected multiplier at R0/AtanSeries11_i_55 of size 7x7, it is implemented as LUTs due to its small size. To force the multiplier onto a DSP block, use the USE_DSP48 attribute.
Related violations: <none>

SYNTH-9#40 Warning
Small multiplier  
Detected multiplier at R0/AtanSeries12__2__0_i_45 of size 7x7, it is implemented as LUTs due to its small size. To force the multiplier onto a DSP block, use the USE_DSP48 attribute.
Related violations: <none>

SYNTH-9#41 Warning
Small multiplier  
Detected multiplier at R0/AtanSeries12__2__0_i_50 of size 7x7, it is implemented as LUTs due to its small size. To force the multiplier onto a DSP block, use the USE_DSP48 attribute.
Related violations: <none>

SYNTH-9#42 Warning
Small multiplier  
Detected multiplier at R0/AtanSeries12__2__0_i_55 of size 7x7, it is implemented as LUTs due to its small size. To force the multiplier onto a DSP block, use the USE_DSP48 attribute.
Related violations: <none>

SYNTH-9#43 Warning
Small multiplier  
Detected multiplier at R0/AtanSeries12__2_i_41 of size 7x7, it is implemented as LUTs due to its small size. To force the multiplier onto a DSP block, use the USE_DSP48 attribute.
Related violations: <none>

SYNTH-9#44 Warning
Small multiplier  
Detected multiplier at R0/AtanSeries12__2_i_45 of size 7x7, it is implemented as LUTs due to its small size. To force the multiplier onto a DSP block, use the USE_DSP48 attribute.
Related violations: <none>

SYNTH-9#45 Warning
Small multiplier  
Detected multiplier at R0/AtanSeries12__2_i_50 of size 7x7, it is implemented as LUTs due to its small size. To force the multiplier onto a DSP block, use the USE_DSP48 attribute.
Related violations: <none>

SYNTH-9#46 Warning
Small multiplier  
Detected multiplier at R0/AtanSeries12__2_i_55 of size 7x7, it is implemented as LUTs due to its small size. To force the multiplier onto a DSP block, use the USE_DSP48 attribute.
Related violations: <none>

SYNTH-9#47 Warning
Small multiplier  
Detected multiplier at R0/AtanSeries12__2_i_71 of size 7x7, it is implemented as LUTs due to its small size. To force the multiplier onto a DSP block, use the USE_DSP48 attribute.
Related violations: <none>

SYNTH-9#48 Warning
Small multiplier  
Detected multiplier at R0/AtanSeries12_i_45 of size 7x7, it is implemented as LUTs due to its small size. To force the multiplier onto a DSP block, use the USE_DSP48 attribute.
Related violations: <none>

SYNTH-9#49 Warning
Small multiplier  
Detected multiplier at R0/AtanSeries12_i_50 of size 7x7, it is implemented as LUTs due to its small size. To force the multiplier onto a DSP block, use the USE_DSP48 attribute.
Related violations: <none>

SYNTH-9#50 Warning
Small multiplier  
Detected multiplier at R0/AtanSeries12_i_55 of size 7x7, it is implemented as LUTs due to its small size. To force the multiplier onto a DSP block, use the USE_DSP48 attribute.
Related violations: <none>

SYNTH-9#51 Warning
Small multiplier  
Detected multiplier at R0/AtanSeries13__2__0_i_45 of size 7x7, it is implemented as LUTs due to its small size. To force the multiplier onto a DSP block, use the USE_DSP48 attribute.
Related violations: <none>

SYNTH-9#52 Warning
Small multiplier  
Detected multiplier at R0/AtanSeries13__2__0_i_50 of size 7x7, it is implemented as LUTs due to its small size. To force the multiplier onto a DSP block, use the USE_DSP48 attribute.
Related violations: <none>

SYNTH-9#53 Warning
Small multiplier  
Detected multiplier at R0/AtanSeries13__2__0_i_55 of size 7x7, it is implemented as LUTs due to its small size. To force the multiplier onto a DSP block, use the USE_DSP48 attribute.
Related violations: <none>

SYNTH-9#54 Warning
Small multiplier  
Detected multiplier at R0/AtanSeries13_i_41 of size 7x7, it is implemented as LUTs due to its small size. To force the multiplier onto a DSP block, use the USE_DSP48 attribute.
Related violations: <none>

SYNTH-9#55 Warning
Small multiplier  
Detected multiplier at R0/AtanSeries13_i_45 of size 7x7, it is implemented as LUTs due to its small size. To force the multiplier onto a DSP block, use the USE_DSP48 attribute.
Related violations: <none>

SYNTH-9#56 Warning
Small multiplier  
Detected multiplier at R0/AtanSeries13_i_50 of size 7x7, it is implemented as LUTs due to its small size. To force the multiplier onto a DSP block, use the USE_DSP48 attribute.
Related violations: <none>

SYNTH-9#57 Warning
Small multiplier  
Detected multiplier at R0/AtanSeries13_i_55 of size 7x7, it is implemented as LUTs due to its small size. To force the multiplier onto a DSP block, use the USE_DSP48 attribute.
Related violations: <none>

SYNTH-9#58 Warning
Small multiplier  
Detected multiplier at R0/AtanSeries13_i_71 of size 7x7, it is implemented as LUTs due to its small size. To force the multiplier onto a DSP block, use the USE_DSP48 attribute.
Related violations: <none>

SYNTH-9#59 Warning
Small multiplier  
Detected multiplier at R0/AtanSeries14__2_i_41 of size 7x7, it is implemented as LUTs due to its small size. To force the multiplier onto a DSP block, use the USE_DSP48 attribute.
Related violations: <none>

SYNTH-9#60 Warning
Small multiplier  
Detected multiplier at R0/AtanSeries14__2_i_45 of size 7x7, it is implemented as LUTs due to its small size. To force the multiplier onto a DSP block, use the USE_DSP48 attribute.
Related violations: <none>

SYNTH-9#61 Warning
Small multiplier  
Detected multiplier at R0/AtanSeries14__2_i_50 of size 7x7, it is implemented as LUTs due to its small size. To force the multiplier onto a DSP block, use the USE_DSP48 attribute.
Related violations: <none>

SYNTH-9#62 Warning
Small multiplier  
Detected multiplier at R0/AtanSeries14__2_i_55 of size 7x7, it is implemented as LUTs due to its small size. To force the multiplier onto a DSP block, use the USE_DSP48 attribute.
Related violations: <none>

SYNTH-9#63 Warning
Small multiplier  
Detected multiplier at R0/AtanSeries14__2_i_71 of size 7x7, it is implemented as LUTs due to its small size. To force the multiplier onto a DSP block, use the USE_DSP48 attribute.
Related violations: <none>

SYNTH-9#64 Warning
Small multiplier  
Detected multiplier at R0/AtanSeries8_i_45 of size 7x7, it is implemented as LUTs due to its small size. To force the multiplier onto a DSP block, use the USE_DSP48 attribute.
Related violations: <none>

SYNTH-9#65 Warning
Small multiplier  
Detected multiplier at R0/AtanSeries8_i_50 of size 7x7, it is implemented as LUTs due to its small size. To force the multiplier onto a DSP block, use the USE_DSP48 attribute.
Related violations: <none>

SYNTH-9#66 Warning
Small multiplier  
Detected multiplier at R0/AtanSeries8_i_55 of size 7x7, it is implemented as LUTs due to its small size. To force the multiplier onto a DSP block, use the USE_DSP48 attribute.
Related violations: <none>

SYNTH-9#67 Warning
Small multiplier  
Detected multiplier at R0/AtanSeries9__2_i_45 of size 7x7, it is implemented as LUTs due to its small size. To force the multiplier onto a DSP block, use the USE_DSP48 attribute.
Related violations: <none>

SYNTH-9#68 Warning
Small multiplier  
Detected multiplier at R0/AtanSeries9__2_i_50 of size 7x7, it is implemented as LUTs due to its small size. To force the multiplier onto a DSP block, use the USE_DSP48 attribute.
Related violations: <none>

SYNTH-9#69 Warning
Small multiplier  
Detected multiplier at R0/AtanSeries9__2_i_55 of size 7x7, it is implemented as LUTs due to its small size. To force the multiplier onto a DSP block, use the USE_DSP48 attribute.
Related violations: <none>

SYNTH-9#70 Warning
Small multiplier  
Detected multiplier at R0/AtanSeries9_i_45 of size 7x7, it is implemented as LUTs due to its small size. To force the multiplier onto a DSP block, use the USE_DSP48 attribute.
Related violations: <none>

SYNTH-9#71 Warning
Small multiplier  
Detected multiplier at R0/AtanSeries9_i_50 of size 7x7, it is implemented as LUTs due to its small size. To force the multiplier onto a DSP block, use the USE_DSP48 attribute.
Related violations: <none>

SYNTH-9#72 Warning
Small multiplier  
Detected multiplier at R0/AtanSeries9_i_55 of size 7x7, it is implemented as LUTs due to its small size. To force the multiplier onto a DSP block, use the USE_DSP48 attribute.
Related violations: <none>

SYNTH-9#73 Warning
Small multiplier  
Detected multiplier at SA/A0/AtanSeries10__2__0_i_41 of size 7x7, it is implemented as LUTs due to its small size. To force the multiplier onto a DSP block, use the USE_DSP48 attribute.
Related violations: <none>

SYNTH-9#74 Warning
Small multiplier  
Detected multiplier at SA/A0/AtanSeries10__2__0_i_71 of size 7x7, it is implemented as LUTs due to its small size. To force the multiplier onto a DSP block, use the USE_DSP48 attribute.
Related violations: <none>

SYNTH-9#75 Warning
Small multiplier  
Detected multiplier at SA/A0/AtanSeries10__2_i_41 of size 7x7, it is implemented as LUTs due to its small size. To force the multiplier onto a DSP block, use the USE_DSP48 attribute.
Related violations: <none>

SYNTH-9#76 Warning
Small multiplier  
Detected multiplier at SA/A0/AtanSeries10__2_i_71 of size 7x7, it is implemented as LUTs due to its small size. To force the multiplier onto a DSP block, use the USE_DSP48 attribute.
Related violations: <none>

SYNTH-9#77 Warning
Small multiplier  
Detected multiplier at SA/A0/AtanSeries10_i_41 of size 7x7, it is implemented as LUTs due to its small size. To force the multiplier onto a DSP block, use the USE_DSP48 attribute.
Related violations: <none>

SYNTH-9#78 Warning
Small multiplier  
Detected multiplier at SA/A0/AtanSeries10_i_71 of size 7x7, it is implemented as LUTs due to its small size. To force the multiplier onto a DSP block, use the USE_DSP48 attribute.
Related violations: <none>

SYNTH-9#79 Warning
Small multiplier  
Detected multiplier at SA/A0/AtanSeries11__2__0_i_41 of size 7x7, it is implemented as LUTs due to its small size. To force the multiplier onto a DSP block, use the USE_DSP48 attribute.
Related violations: <none>

SYNTH-9#80 Warning
Small multiplier  
Detected multiplier at SA/A0/AtanSeries11__2__0_i_71 of size 7x7, it is implemented as LUTs due to its small size. To force the multiplier onto a DSP block, use the USE_DSP48 attribute.
Related violations: <none>

SYNTH-9#81 Warning
Small multiplier  
Detected multiplier at SA/A0/AtanSeries11__2_i_41 of size 7x7, it is implemented as LUTs due to its small size. To force the multiplier onto a DSP block, use the USE_DSP48 attribute.
Related violations: <none>

SYNTH-9#82 Warning
Small multiplier  
Detected multiplier at SA/A0/AtanSeries11__2_i_71 of size 7x7, it is implemented as LUTs due to its small size. To force the multiplier onto a DSP block, use the USE_DSP48 attribute.
Related violations: <none>

SYNTH-9#83 Warning
Small multiplier  
Detected multiplier at SA/A0/AtanSeries11_i_41 of size 7x7, it is implemented as LUTs due to its small size. To force the multiplier onto a DSP block, use the USE_DSP48 attribute.
Related violations: <none>

SYNTH-9#84 Warning
Small multiplier  
Detected multiplier at SA/A0/AtanSeries11_i_71 of size 7x7, it is implemented as LUTs due to its small size. To force the multiplier onto a DSP block, use the USE_DSP48 attribute.
Related violations: <none>

SYNTH-9#85 Warning
Small multiplier  
Detected multiplier at SA/A0/AtanSeries12__2__0_i_41 of size 7x7, it is implemented as LUTs due to its small size. To force the multiplier onto a DSP block, use the USE_DSP48 attribute.
Related violations: <none>

SYNTH-9#86 Warning
Small multiplier  
Detected multiplier at SA/A0/AtanSeries12__2__0_i_71 of size 7x7, it is implemented as LUTs due to its small size. To force the multiplier onto a DSP block, use the USE_DSP48 attribute.
Related violations: <none>

SYNTH-9#87 Warning
Small multiplier  
Detected multiplier at SA/A0/AtanSeries12_i_41 of size 7x7, it is implemented as LUTs due to its small size. To force the multiplier onto a DSP block, use the USE_DSP48 attribute.
Related violations: <none>

SYNTH-9#88 Warning
Small multiplier  
Detected multiplier at SA/A0/AtanSeries12_i_71 of size 7x7, it is implemented as LUTs due to its small size. To force the multiplier onto a DSP block, use the USE_DSP48 attribute.
Related violations: <none>

SYNTH-9#89 Warning
Small multiplier  
Detected multiplier at SA/A0/AtanSeries13__2__0_i_41 of size 7x7, it is implemented as LUTs due to its small size. To force the multiplier onto a DSP block, use the USE_DSP48 attribute.
Related violations: <none>

SYNTH-9#90 Warning
Small multiplier  
Detected multiplier at SA/A0/AtanSeries13__2__0_i_71 of size 7x7, it is implemented as LUTs due to its small size. To force the multiplier onto a DSP block, use the USE_DSP48 attribute.
Related violations: <none>

SYNTH-9#91 Warning
Small multiplier  
Detected multiplier at SA/A0/AtanSeries8_i_41 of size 7x7, it is implemented as LUTs due to its small size. To force the multiplier onto a DSP block, use the USE_DSP48 attribute.
Related violations: <none>

SYNTH-9#92 Warning
Small multiplier  
Detected multiplier at SA/A0/AtanSeries8_i_71 of size 7x7, it is implemented as LUTs due to its small size. To force the multiplier onto a DSP block, use the USE_DSP48 attribute.
Related violations: <none>

SYNTH-9#93 Warning
Small multiplier  
Detected multiplier at SA/A0/AtanSeries9__2_i_41 of size 7x7, it is implemented as LUTs due to its small size. To force the multiplier onto a DSP block, use the USE_DSP48 attribute.
Related violations: <none>

SYNTH-9#94 Warning
Small multiplier  
Detected multiplier at SA/A0/AtanSeries9__2_i_71 of size 7x7, it is implemented as LUTs due to its small size. To force the multiplier onto a DSP block, use the USE_DSP48 attribute.
Related violations: <none>

SYNTH-9#95 Warning
Small multiplier  
Detected multiplier at SA/A0/AtanSeries9_i_41 of size 7x7, it is implemented as LUTs due to its small size. To force the multiplier onto a DSP block, use the USE_DSP48 attribute.
Related violations: <none>

SYNTH-9#96 Warning
Small multiplier  
Detected multiplier at SA/A0/AtanSeries9_i_71 of size 7x7, it is implemented as LUTs due to its small size. To force the multiplier onto a DSP block, use the USE_DSP48 attribute.
Related violations: <none>

SYNTH-10#1 Warning
Wide multiplier  
Detected multiplier at SA/A0/AtanSeries10__0 of size 24x18, it is decomposed from a wide multipler into 5 DSP blocks.
Related violations: <none>

SYNTH-10#2 Warning
Wide multiplier  
Detected multiplier at SA/A0/AtanSeries10__0__0 of size 18x18, it is decomposed from a wide multipler into 5 DSP blocks.
Related violations: <none>

SYNTH-10#3 Warning
Wide multiplier  
Detected multiplier at SA/A0/AtanSeries10__0__0__0 of size 18x18, it is decomposed from a wide multipler into 5 DSP blocks.
Related violations: <none>

SYNTH-10#4 Warning
Wide multiplier  
Detected multiplier at SA/A0/AtanSeries10__1 of size 18x24, it is decomposed from a wide multipler into 5 DSP blocks.
Related violations: <none>

SYNTH-10#5 Warning
Wide multiplier  
Detected multiplier at SA/A0/AtanSeries10__1__0 of size 18x24, it is decomposed from a wide multipler into 5 DSP blocks.
Related violations: <none>

SYNTH-10#6 Warning
Wide multiplier  
Detected multiplier at SA/A0/AtanSeries10__2 of size 24x18, it is decomposed from a wide multipler into 5 DSP blocks.
Related violations: <none>

SYNTH-10#7 Warning
Wide multiplier  
Detected multiplier at SA/A0/AtanSeries10__2__0 of size 24x18, it is decomposed from a wide multipler into 5 DSP blocks.
Related violations: <none>

SYNTH-10#8 Warning
Wide multiplier  
Detected multiplier at SA/A0/AtanSeries10__3 of size 18x18, it is decomposed from a wide multipler into 5 DSP blocks.
Related violations: <none>

SYNTH-10#9 Warning
Wide multiplier  
Detected multiplier at SA/A0/AtanSeries10__4 of size 18x24, it is decomposed from a wide multipler into 5 DSP blocks.
Related violations: <none>

SYNTH-10#10 Warning
Wide multiplier  
Detected multiplier at SA/A0/AtanSeries11__0 of size 24x18, it is decomposed from a wide multipler into 5 DSP blocks.
Related violations: <none>

SYNTH-10#11 Warning
Wide multiplier  
Detected multiplier at SA/A0/AtanSeries11__0__0 of size 18x18, it is decomposed from a wide multipler into 5 DSP blocks.
Related violations: <none>

SYNTH-10#12 Warning
Wide multiplier  
Detected multiplier at SA/A0/AtanSeries11__0__0__0 of size 18x18, it is decomposed from a wide multipler into 5 DSP blocks.
Related violations: <none>

SYNTH-10#13 Warning
Wide multiplier  
Detected multiplier at SA/A0/AtanSeries11__1 of size 18x24, it is decomposed from a wide multipler into 5 DSP blocks.
Related violations: <none>

SYNTH-10#14 Warning
Wide multiplier  
Detected multiplier at SA/A0/AtanSeries11__1__0 of size 18x24, it is decomposed from a wide multipler into 5 DSP blocks.
Related violations: <none>

SYNTH-10#15 Warning
Wide multiplier  
Detected multiplier at SA/A0/AtanSeries11__2 of size 24x18, it is decomposed from a wide multipler into 5 DSP blocks.
Related violations: <none>

SYNTH-10#16 Warning
Wide multiplier  
Detected multiplier at SA/A0/AtanSeries11__2__0 of size 24x18, it is decomposed from a wide multipler into 5 DSP blocks.
Related violations: <none>

SYNTH-10#17 Warning
Wide multiplier  
Detected multiplier at SA/A0/AtanSeries11__3 of size 18x18, it is decomposed from a wide multipler into 5 DSP blocks.
Related violations: <none>

SYNTH-10#18 Warning
Wide multiplier  
Detected multiplier at SA/A0/AtanSeries11__4 of size 18x24, it is decomposed from a wide multipler into 5 DSP blocks.
Related violations: <none>

SYNTH-10#19 Warning
Wide multiplier  
Detected multiplier at SA/A0/AtanSeries11__5 of size 24x18, it is decomposed from a wide multipler into 5 DSP blocks.
Related violations: <none>

SYNTH-10#20 Warning
Wide multiplier  
Detected multiplier at SA/A0/AtanSeries11__6 of size 18x18, it is decomposed from a wide multipler into 5 DSP blocks.
Related violations: <none>

SYNTH-10#21 Warning
Wide multiplier  
Detected multiplier at SA/A0/AtanSeries11__7 of size 18x24, it is decomposed from a wide multipler into 5 DSP blocks.
Related violations: <none>

SYNTH-10#22 Warning
Wide multiplier  
Detected multiplier at SA/A0/AtanSeries12__0 of size 24x18, it is decomposed from a wide multipler into 5 DSP blocks.
Related violations: <none>

SYNTH-10#23 Warning
Wide multiplier  
Detected multiplier at SA/A0/AtanSeries12__0__0 of size 18x18, it is decomposed from a wide multipler into 5 DSP blocks.
Related violations: <none>

SYNTH-10#24 Warning
Wide multiplier  
Detected multiplier at SA/A0/AtanSeries12__0__0__0 of size 18x18, it is decomposed from a wide multipler into 5 DSP blocks.
Related violations: <none>

SYNTH-10#25 Warning
Wide multiplier  
Detected multiplier at SA/A0/AtanSeries12__1 of size 18x24, it is decomposed from a wide multipler into 5 DSP blocks.
Related violations: <none>

SYNTH-10#26 Warning
Wide multiplier  
Detected multiplier at SA/A0/AtanSeries12__1__0 of size 18x24, it is decomposed from a wide multipler into 5 DSP blocks.
Related violations: <none>

SYNTH-10#27 Warning
Wide multiplier  
Detected multiplier at SA/A0/AtanSeries12__2 of size 24x18, it is decomposed from a wide multipler into 5 DSP blocks.
Related violations: <none>

SYNTH-10#28 Warning
Wide multiplier  
Detected multiplier at SA/A0/AtanSeries12__2__0 of size 24x18, it is decomposed from a wide multipler into 5 DSP blocks.
Related violations: <none>

SYNTH-10#29 Warning
Wide multiplier  
Detected multiplier at SA/A0/AtanSeries12__3 of size 18x18, it is decomposed from a wide multipler into 5 DSP blocks.
Related violations: <none>

SYNTH-10#30 Warning
Wide multiplier  
Detected multiplier at SA/A0/AtanSeries12__4 of size 18x24, it is decomposed from a wide multipler into 5 DSP blocks.
Related violations: <none>

SYNTH-10#31 Warning
Wide multiplier  
Detected multiplier at SA/A0/AtanSeries12__5 of size 24x18, it is decomposed from a wide multipler into 5 DSP blocks.
Related violations: <none>

SYNTH-10#32 Warning
Wide multiplier  
Detected multiplier at SA/A0/AtanSeries12__6 of size 18x18, it is decomposed from a wide multipler into 5 DSP blocks.
Related violations: <none>

SYNTH-10#33 Warning
Wide multiplier  
Detected multiplier at SA/A0/AtanSeries12__7 of size 18x24, it is decomposed from a wide multipler into 5 DSP blocks.
Related violations: <none>

SYNTH-10#34 Warning
Wide multiplier  
Detected multiplier at SA/A0/AtanSeries13__0 of size 24x18, it is decomposed from a wide multipler into 5 DSP blocks.
Related violations: <none>

SYNTH-10#35 Warning
Wide multiplier  
Detected multiplier at SA/A0/AtanSeries13__0__0 of size 18x18, it is decomposed from a wide multipler into 5 DSP blocks.
Related violations: <none>

SYNTH-10#36 Warning
Wide multiplier  
Detected multiplier at SA/A0/AtanSeries13__0__0__0 of size 18x18, it is decomposed from a wide multipler into 5 DSP blocks.
Related violations: <none>

SYNTH-10#37 Warning
Wide multiplier  
Detected multiplier at SA/A0/AtanSeries13__1 of size 18x24, it is decomposed from a wide multipler into 5 DSP blocks.
Related violations: <none>

SYNTH-10#38 Warning
Wide multiplier  
Detected multiplier at SA/A0/AtanSeries13__1__0 of size 18x24, it is decomposed from a wide multipler into 5 DSP blocks.
Related violations: <none>

SYNTH-10#39 Warning
Wide multiplier  
Detected multiplier at SA/A0/AtanSeries13__2 of size 24x18, it is decomposed from a wide multipler into 5 DSP blocks.
Related violations: <none>

SYNTH-10#40 Warning
Wide multiplier  
Detected multiplier at SA/A0/AtanSeries13__2__0 of size 24x18, it is decomposed from a wide multipler into 5 DSP blocks.
Related violations: <none>

SYNTH-10#41 Warning
Wide multiplier  
Detected multiplier at SA/A0/AtanSeries13__3 of size 18x18, it is decomposed from a wide multipler into 5 DSP blocks.
Related violations: <none>

SYNTH-10#42 Warning
Wide multiplier  
Detected multiplier at SA/A0/AtanSeries13__4 of size 18x24, it is decomposed from a wide multipler into 5 DSP blocks.
Related violations: <none>

SYNTH-10#43 Warning
Wide multiplier  
Detected multiplier at SA/A0/AtanSeries14__0 of size 24x18, it is decomposed from a wide multipler into 5 DSP blocks.
Related violations: <none>

SYNTH-10#44 Warning
Wide multiplier  
Detected multiplier at SA/A0/AtanSeries14__0__0 of size 18x18, it is decomposed from a wide multipler into 5 DSP blocks.
Related violations: <none>

SYNTH-10#45 Warning
Wide multiplier  
Detected multiplier at SA/A0/AtanSeries14__0__0__0 of size 18x18, it is decomposed from a wide multipler into 5 DSP blocks.
Related violations: <none>

SYNTH-10#46 Warning
Wide multiplier  
Detected multiplier at SA/A0/AtanSeries14__1 of size 18x24, it is decomposed from a wide multipler into 5 DSP blocks.
Related violations: <none>

SYNTH-10#47 Warning
Wide multiplier  
Detected multiplier at SA/A0/AtanSeries14__1__0 of size 18x24, it is decomposed from a wide multipler into 5 DSP blocks.
Related violations: <none>

SYNTH-10#48 Warning
Wide multiplier  
Detected multiplier at SA/A0/AtanSeries14__2 of size 24x18, it is decomposed from a wide multipler into 5 DSP blocks.
Related violations: <none>

SYNTH-10#49 Warning
Wide multiplier  
Detected multiplier at SA/A0/AtanSeries15__0 of size 24x18, it is decomposed from a wide multipler into 5 DSP blocks.
Related violations: <none>

SYNTH-10#50 Warning
Wide multiplier  
Detected multiplier at SA/A0/AtanSeries15__0__0 of size 18x18, it is decomposed from a wide multipler into 5 DSP blocks.
Related violations: <none>

SYNTH-10#51 Warning
Wide multiplier  
Detected multiplier at SA/A0/AtanSeries15__1 of size 18x24, it is decomposed from a wide multipler into 5 DSP blocks.
Related violations: <none>

SYNTH-10#52 Warning
Wide multiplier  
Detected multiplier at SA/A0/AtanSeries8 of size 24x18, it is decomposed from a wide multipler into 5 DSP blocks.
Related violations: <none>

SYNTH-10#53 Warning
Wide multiplier  
Detected multiplier at SA/A0/AtanSeries8__0 of size 18x18, it is decomposed from a wide multipler into 5 DSP blocks.
Related violations: <none>

SYNTH-10#54 Warning
Wide multiplier  
Detected multiplier at SA/A0/AtanSeries8__1 of size 18x24, it is decomposed from a wide multipler into 5 DSP blocks.
Related violations: <none>

SYNTH-10#55 Warning
Wide multiplier  
Detected multiplier at SA/A0/AtanSeries9 of size 24x18, it is decomposed from a wide multipler into 5 DSP blocks.
Related violations: <none>

SYNTH-10#56 Warning
Wide multiplier  
Detected multiplier at SA/A0/AtanSeries9__0 of size 18x18, it is decomposed from a wide multipler into 5 DSP blocks.
Related violations: <none>

SYNTH-10#57 Warning
Wide multiplier  
Detected multiplier at SA/A0/AtanSeries9__0__0 of size 18x18, it is decomposed from a wide multipler into 5 DSP blocks.
Related violations: <none>

SYNTH-10#58 Warning
Wide multiplier  
Detected multiplier at SA/A0/AtanSeries9__1 of size 18x24, it is decomposed from a wide multipler into 5 DSP blocks.
Related violations: <none>

SYNTH-10#59 Warning
Wide multiplier  
Detected multiplier at SA/A0/AtanSeries9__1__0 of size 18x24, it is decomposed from a wide multipler into 5 DSP blocks.
Related violations: <none>

SYNTH-10#60 Warning
Wide multiplier  
Detected multiplier at SA/A0/AtanSeries9__2 of size 24x18, it is decomposed from a wide multipler into 5 DSP blocks.
Related violations: <none>


