Vivado Simulator 2020.1.1
Copyright 1986-1999, 2001-2020 Xilinx, Inc. All Rights Reserved.
Running: C:/Xilinx/Vivado/2020.1/bin/unwrapped/win64.o/xelab.exe -wto ad9a240f866b4e0d8373a301f1495bd0 --incr --debug typical --relax --mt 2 -L xil_defaultlib -L unisims_ver -L unimacro_ver -L secureip --snapshot tb_Accelerator_behav xil_defaultlib.tb_Accelerator xil_defaultlib.glbl -log elaborate.log 
Using 2 slave threads.
Starting static elaboration
Pass Through NonSizing Optimizer
Completed static elaboration
Starting simulation data flow analysis
WARNING: [XSIM 43-4099] "C:/Users/ALHINAI/Documents/GitHub/CoV-Descriptor-Project/SobelAccelerator/SobelAccelerator.srcs/sources_1/new/Top.sv" Line 3. Module Top doesn't have a timescale but at least one module in design has a timescale.
WARNING: [XSIM 43-4099] "C:/Users/ALHINAI/Documents/GitHub/CoV-Descriptor-Project/SobelAccelerator/SobelAccelerator.srcs/sources_1/new/SobelAccelerator.sv" Line 3. Module SobelAccelerator doesn't have a timescale but at least one module in design has a timescale.
WARNING: [XSIM 43-4099] "C:/Users/ALHINAI/Documents/GitHub/CoV-Descriptor-Project/SobelAccelerator/SobelAccelerator.srcs/sources_1/new/RAM.sv" Line 2. Module RAM doesn't have a timescale but at least one module in design has a timescale.
WARNING: [XSIM 43-4099] "C:/Users/ALHINAI/Documents/GitHub/CoV-Descriptor-Project/SobelAccelerator/SobelAccelerator.srcs/sources_1/new/Top.sv" Line 3. Module Top doesn't have a timescale but at least one module in design has a timescale.
WARNING: [XSIM 43-4099] "C:/Users/ALHINAI/Documents/GitHub/CoV-Descriptor-Project/SobelAccelerator/SobelAccelerator.srcs/sources_1/new/SobelAccelerator.sv" Line 3. Module SobelAccelerator doesn't have a timescale but at least one module in design has a timescale.
WARNING: [XSIM 43-4099] "C:/Users/ALHINAI/Documents/GitHub/CoV-Descriptor-Project/SobelAccelerator/SobelAccelerator.srcs/sources_1/new/RAM.sv" Line 2. Module RAM doesn't have a timescale but at least one module in design has a timescale.
Completed simulation data flow analysis
Time Resolution for simulation is 1ps
Compiling module xil_defaultlib.sqrt_default
Compiling module xil_defaultlib.atan
Compiling module xil_defaultlib.SobelAccelerator
Compiling module xil_defaultlib.RAM
Compiling module xil_defaultlib.Top
Compiling module xil_defaultlib.tb_Accelerator
Compiling module xil_defaultlib.glbl
Built simulation snapshot tb_Accelerator_behav
