
*** Running vivado
    with args -log Top.vds -m64 -product Vivado -mode batch -messageDb vivado.pb -notrace -source Top.tcl



****** Vivado v2020.1.1 (64-bit)
  **** SW Build 2960000 on Wed Aug  5 22:57:20 MDT 2020
  **** IP Build 2956692 on Thu Aug  6 01:41:30 MDT 2020
    ** Copyright 1986-2020 Xilinx, Inc. All Rights Reserved.

source Top.tcl -notrace
Command: synth_design -top Top -part xa7a35tcpg236-1I
Starting synth_design
Attempting to get a license for feature 'Synthesis' and/or device 'xa7a35t'
INFO: [Common 17-349] Got license for feature 'Synthesis' and/or device 'xa7a35t'
INFO: [Synth 8-7079] Multithreading enabled for synth_design using a maximum of 2 processes.
INFO: [Synth 8-7078] Launching helper process for spawning children vivado processes
INFO: [Synth 8-7075] Helper process launched with PID 15304
---------------------------------------------------------------------------------
Starting Synthesize : Time (s): cpu = 00:00:04 ; elapsed = 00:00:04 . Memory (MB): peak = 1037.457 ; gain = 0.000
---------------------------------------------------------------------------------
INFO: [Synth 8-6157] synthesizing module 'Top' [C:/Users/ALHINAI/Documents/GitHub/CoV-Descriptor-Project/SobelAccelerator/SobelAccelerator.srcs/sources_1/new/Top.sv:3]
	Parameter row bound to: 10 - type: integer 
	Parameter col bound to: 10 - type: integer 
INFO: [Synth 8-6157] synthesizing module 'SobelAccelerator' [C:/Users/ALHINAI/Documents/GitHub/CoV-Descriptor-Project/SobelAccelerator/SobelAccelerator.srcs/sources_1/new/SobelAccelerator.sv:3]
	Parameter row bound to: 10 - type: integer 
	Parameter col bound to: 10 - type: integer 
	Parameter IDLE bound to: 3'b000 
	Parameter START bound to: 3'b001 
	Parameter PROCESS bound to: 3'b010 
	Parameter LAST bound to: 3'b011 
	Parameter DONE bound to: 3'b100 
INFO: [Synth 8-6157] synthesizing module 'sobelAlg' [C:/Users/ALHINAI/Documents/GitHub/CoV-Descriptor-Project/SobelAccelerator/SobelAccelerator.srcs/sources_1/new/sobelAlg.sv:23]
	Parameter row bound to: 10 - type: integer 
	Parameter col bound to: 10 - type: integer 
INFO: [Synth 8-6155] done synthesizing module 'sobelAlg' (1#1) [C:/Users/ALHINAI/Documents/GitHub/CoV-Descriptor-Project/SobelAccelerator/SobelAccelerator.srcs/sources_1/new/sobelAlg.sv:23]
INFO: [Synth 8-6157] synthesizing module 'sqrt' [C:/Users/ALHINAI/Documents/GitHub/CoV-Descriptor-Project/SobelAccelerator/SobelAccelerator.srcs/sources_1/new/sqrt.sv:23]
	Parameter DATA_IN_WIDTH bound to: 8 - type: integer 
	Parameter DATA_WIDTH_SQUARING bound to: 15 - type: integer 
INFO: [Synth 8-6155] done synthesizing module 'sqrt' (2#1) [C:/Users/ALHINAI/Documents/GitHub/CoV-Descriptor-Project/SobelAccelerator/SobelAccelerator.srcs/sources_1/new/sqrt.sv:23]
INFO: [Synth 8-6157] synthesizing module 'atan' [C:/Users/ALHINAI/Documents/GitHub/CoV-Descriptor-Project/SobelAccelerator/SobelAccelerator.srcs/sources_1/new/atan.sv:23]
INFO: [Synth 8-6155] done synthesizing module 'atan' (3#1) [C:/Users/ALHINAI/Documents/GitHub/CoV-Descriptor-Project/SobelAccelerator/SobelAccelerator.srcs/sources_1/new/atan.sv:23]
INFO: [Synth 8-155] case statement is not full and has no default [C:/Users/ALHINAI/Documents/GitHub/CoV-Descriptor-Project/SobelAccelerator/SobelAccelerator.srcs/sources_1/new/SobelAccelerator.sv:68]
INFO: [Synth 8-6155] done synthesizing module 'SobelAccelerator' (4#1) [C:/Users/ALHINAI/Documents/GitHub/CoV-Descriptor-Project/SobelAccelerator/SobelAccelerator.srcs/sources_1/new/SobelAccelerator.sv:3]
INFO: [Synth 8-6157] synthesizing module 'RAM' [C:/Users/ALHINAI/Documents/GitHub/CoV-Descriptor-Project/SobelAccelerator/SobelAccelerator.srcs/sources_1/new/RAM.sv:2]
	Parameter row bound to: 10 - type: integer 
	Parameter col bound to: 10 - type: integer 
	Parameter r bound to: 25 - type: integer 
	Parameter c bound to: 25 - type: integer 
ERROR: [Synth 8-659] type mismatch in unpacked array concatenation: bit [199:0]A vs. bit [7:0]B[0:24] [C:/Users/ALHINAI/Documents/GitHub/CoV-Descriptor-Project/SobelAccelerator/SobelAccelerator.srcs/sources_1/new/RAM.sv:23]
ERROR: [Synth 8-359] invalid assignment pattern [C:/Users/ALHINAI/Documents/GitHub/CoV-Descriptor-Project/SobelAccelerator/SobelAccelerator.srcs/sources_1/new/RAM.sv:23]
ERROR: [Synth 8-6156] failed synthesizing module 'RAM' [C:/Users/ALHINAI/Documents/GitHub/CoV-Descriptor-Project/SobelAccelerator/SobelAccelerator.srcs/sources_1/new/RAM.sv:2]
ERROR: [Synth 8-6156] failed synthesizing module 'Top' [C:/Users/ALHINAI/Documents/GitHub/CoV-Descriptor-Project/SobelAccelerator/SobelAccelerator.srcs/sources_1/new/Top.sv:3]
---------------------------------------------------------------------------------
Finished Synthesize : Time (s): cpu = 00:00:05 ; elapsed = 00:00:05 . Memory (MB): peak = 1037.457 ; gain = 0.000
---------------------------------------------------------------------------------
synthesize failed
INFO: [Common 17-83] Releasing license: Synthesis
16 Infos, 0 Warnings, 0 Critical Warnings and 5 Errors encountered.
synth_design failed
ERROR: [Common 17-69] Command failed: Vivado Synthesis failed
INFO: [Common 17-206] Exiting Vivado at Mon Dec 28 09:46:56 2020...
